507,0.2839385126299676,-0.4751990812099552,2.006119339191895,0.34823343675035595,0,1,0,1,0,1,0,0,0,1,0,0,0,0,0,0,0,0,1,0,0,0,0,0,0,0,0,0,0,0,0,1,0,0,0,0,0.7049263715744019
852,3.443221762020101,-0.4751990812099552,-0.4743258521037861,-0.813805534261317,0,1,0,0,1,0,1,0,0,1,0,0,0,0,0,0,0,0,1,0,0,0,0,0,0,0,0,0,0,0,1,0,0,0,0,0,-0.12837105989456177
436,-1.1801195785508258,0.4313502389523841,2.006119339191895,1.8990457475784397,2,1,1,0,0,1,0,0,0,1,0,1,0,0,0,0,0,0,0,0,0,0,0,0,0,0,0,1,0,0,0,0,0,0,0,0,0.9460016489028931
748,0.052771445601421274,-0.4751990812099552,-0.4743258521037861,-0.3308153928167706,0,1,0,1,0,1,0,0,0,1,0,0,0,0,0,0,0,0,1,0,0,0,0,0,0,0,0,1,0,0,0,0,0,0,0,0,0.7787176370620728
682,-0.17839562142712506,-0.4751990812099552,-0.4743258521037861,1.4414804142989346,1,0,1,0,0,0,1,1,0,0,0,0,0,1,0,0,0,0,0,0,0,0,0,0,0,0,0,0,0,0,1,0,0,0,0,0,0.6417060494422913
337,-0.024284243408094167,0.4313502389523841,-0.4743258521037861,1.2971232366153405,1,1,1,0,0,0,1,0,0,1,0,0,1,0,0,0,0,0,0,0,0,0,0,0,0,0,0,0,0,0,1,0,0,0,0,0,0.3244677186012268
248,-0.4095626884556714,-0.4751990812099552,2.006119339191895,-0.22558157292441078,0,1,0,1,0,1,0,0,0,1,0,0,0,0,0,0,0,0,1,0,0,0,0,0,0,0,0,0,0,0,0,1,0,0,0,0,0.7280076742172241
609,-0.5636740664747023,0.4313502389523841,2.006119339191895,0.8192079732926797,0,0,0,1,0,1,0,1,0,0,0,0,0,0,0,0,0,0,1,0,0,0,0,0,0,0,0,0,0,0,0,1,0,0,0,0,0.8211575746536255
2,0.6692169576775449,0.4313502389523841,-0.4743258521037861,1.3663796257695997,1,0,1,0,0,1,0,1,0,0,0,0,1,0,0,0,0,0,0,0,0,0,0,0,0,0,0,0,0,0,0,1,0,0,0,0,0.91602623462677
289,0.9774397137156066,-0.4751990812099552,-0.4743258521037861,-0.3308153928167706,0,1,0,1,0,0,1,0,0,1,0,0,0,0,0,0,0,0,1,0,0,0,0,0,0,0,0,0,0,0,1,0,0,0,0,0,0.2061857283115387
759,0.36099420163948304,-0.4751990812099552,-0.4743258521037861,-0.7819012502244029,0,1,0,0,1,0,1,0,0,1,0,0,0,0,0,0,0,0,1,0,0,0,0,0,0,0,0,0,0,0,1,0,0,0,0,0,0.04912719130516052
832,-2.1949430028061445,0.4313502389523841,0.7658967435440545,0.024947969067500183,0,1,0,1,0,0,1,0,0,1,0,0,0,0,0,0,0,0,1,0,0,0,0,0,0,0,1,0,0,0,0,0,0,0,0,0,0.603419840335846
358,0.6692169576775449,-0.4751990812099552,-0.4743258521037861,-0.3308153928167706,0,1,0,1,0,1,0,0,0,1,0,0,0,0,0,0,0,0,1,0,0,0,0,0,0,0,0,1,0,0,0,0,0,0,0,0,0.7434031367301941
803,-1.4112866455793722,0.4313502389523841,2.006119339191895,1.8990457475784397,2,1,1,0,0,0,1,0,0,1,0,1,0,0,0,0,0,0,0,0,0,0,0,0,0,0,1,0,0,0,0,0,0,0,0,0,0.7388485670089722
224,-0.10133993241760961,-0.4751990812099552,-0.4743258521037861,-0.7996694581110643,0,1,0,0,1,0,1,0,0,1,0,0,0,0,0,0,0,0,1,0,0,0,0,0,0,0,0,0,0,0,1,0,0,0,0,0,0.07509759068489075
84,-0.10133993241760961,-0.4751990812099552,-0.4743258521037861,0.9452580712301538,0,1,1,0,0,0,1,0,0,1,0,0,0,0,0,0,0,0,1,0,0,0,0,0,0,0,0,0,0,0,1,0,0,0,0,0,0.23060116171836853
853,-1.565398023598403,0.4313502389523841,0.7658967435440545,-0.17699375358284503,0,1,0,0,1,1,0,1,0,0,0,0,0,0,0,0,0,0,1,0,0,0,0,0,0,0,0,1,0,0,0,0,0,0,0,0,0.6861547231674194
145,-0.871896822512764,-0.4751990812099552,-0.4743258521037861,-0.4479866913276815,0,1,0,1,0,0,1,0,0,1,0,0,0,0,0,0,0,0,1,0,0,0,0,0,0,0,0,0,0,0,1,0,0,0,0,0,0.3087299168109894
475,-0.5636740664747023,-0.4751990812099552,-0.4743258521037861,-0.595542046817217,0,1,0,0,1,1,0,0,0,1,0,0,0,0,0,0,0,0,1,0,0,0,0,0,0,0,0,1,0,0,0,0,0,0,0,0,0.6270657181739807
58,-0.0628120879128519,-0.4751990812099552,-0.4743258521037861,-0.8802009247595483,0,1,0,0,1,0,1,1,0,0,0,0,0,0,0,0,0,0,1,0,0,0,0,0,0,0,0,0,0,0,1,0,0,0,0,0,0.15410268306732178
716,-0.7948411335032486,-0.4751990812099552,-0.4743258521037861,-0.8286394587504805,2,1,0,0,1,0,1,0,0,1,0,0,0,0,0,1,0,0,0,0,0,0,0,0,0,0,0,0,0,0,1,0,0,0,0,0,0.31664350628852844
648,2.0562193598488228,-0.4751990812099552,-0.4743258521037861,0.6599308976078451,1,1,1,0,0,0,1,1,0,0,1,0,0,0,0,0,0,0,0,0,1,0,0,0,0,0,0,0,0,0,0,0,0,0,0,0,0.5388737916946411
211,-0.4095626884556714,-0.4751990812099552,-0.4743258521037861,-0.9029641542643231,0,0,0,0,1,0,1,0,0,1,0,0,0,0,0,0,0,0,1,0,0,0,0,0,0,0,0,0,0,0,1,0,0,0,0,0,0.11223965883255005
150,0.9774397137156066,-0.4751990812099552,-0.4743258521037861,-0.3308153928167706,0,1,0,1,0,0,1,0,0,1,0,0,0,0,0,0,0,0,1,0,0,0,0,0,0,0,0,0,0,0,0,0,0,1,0,0,-0.004513740539550781
654,-0.10133993241760961,-0.4751990812099552,-0.4743258521037861,-0.8074391074212994,0,1,0,0,1,1,0,0,1,0,0,0,0,0,0,0,0,0,1,0,0,0,0,0,0,0,0,1,0,0,0,0,0,0,0,0,0.6765358448028564
345,0.5151055796585139,-0.4751990812099552,-0.4743258521037861,-0.3308153928167706,0,1,0,1,0,0,1,0,0,1,0,0,0,0,0,0,0,0,1,0,0,0,0,0,0,0,0,0,0,0,1,0,0,0,0,0,0.2326716184616089
413,0.2839385126299676,0.4313502389523841,-0.4743258521037861,1.6044536083983778,1,1,1,0,0,1,0,0,1,0,0,0,1,0,0,0,0,0,0,0,0,0,0,0,0,0,0,1,0,0,0,0,0,0,0,0,0.9173904061317444
720,0.2839385126299676,-0.4751990812099552,-0.4743258521037861,-0.813805534261317,0,1,0,0,1,0,1,0,0,1,0,0,0,0,0,0,0,0,1,0,0,0,0,0,0,0,0,0,0,0,1,0,0,0,0,0,0.05261588096618652
72,-1.026008200531795,4.057547519601742,2.006119339191895,0.9409501199925433,0,0,0,0,1,1,0,0,0,1,0,0,0,0,0,0,0,0,1,0,0,0,0,0,0,0,0,1,0,0,0,0,0,0,0,0,0.37657129764556885
826,-0.10133993241760961,-0.4751990812099552,-0.4743258521037861,-0.9158881575624735,0,1,0,0,1,0,1,0,1,0,0,0,0,0,0,0,0,0,1,0,0,0,0,0,0,0,0,0,0,0,1,0,0,0,0,0,0.15382936596870422
603,-0.10133993241760961,-0.4751990812099552,-0.4743258521037861,0.8389489451553652,0,1,1,0,0,0,1,0,0,1,0,0,0,0,0,0,0,0,1,0,0,0,0,0,0,0,0,0,0,0,1,0,0,0,0,0,0.22751691937446594
281,2.749720560934462,-0.4751990812099552,-0.4743258521037861,-0.8167553416865435,0,1,0,0,1,0,1,0,1,0,0,0,0,0,0,0,0,0,1,0,0,0,0,0,0,0,0,0,0,0,1,0,0,0,0,0,-0.006624281406402588
486,-0.10133993241760961,2.244448879277063,0.7658967435440545,0.32760748513073984,0,1,0,0,1,1,0,0,0,1,0,0,0,0,0,0,0,0,1,0,0,0,0,0,0,0,0,1,0,0,0,0,0,0,0,0,0.4293327331542969
871,-0.2554513104366405,-0.4751990812099552,-0.4743258521037861,-0.7996694581110643,0,1,0,0,1,0,1,0,0,1,0,0,0,0,0,0,0,0,1,0,0,0,0,0,0,0,0,0,0,0,1,0,0,0,0,0,0.0839262306690216
762,0.9003840247060911,-0.4751990812099552,-0.4743258521037861,-0.8933760781200358,0,0,0,0,1,0,1,0,0,1,0,0,0,0,0,0,0,0,1,0,0,0,0,0,0,0,0,0,0,0,1,0,0,0,0,0,0.037474483251571655
563,-0.10133993241760961,-0.4751990812099552,-0.4743258521037861,-0.2945342386005209,0,1,0,1,0,0,1,0,0,1,0,0,0,0,0,0,0,0,1,0,0,0,0,0,0,0,0,0,0,0,1,0,0,0,0,0,0.26903873682022095
365,-0.10133993241760961,0.4313502389523841,-0.4743258521037861,-0.1609413506274357,0,1,0,0,1,0,1,0,1,0,0,0,0,0,0,0,0,0,1,0,0,0,0,0,0,0,0,0,0,0,1,0,0,0,0,0,0.1237114667892456
228,-0.6792575999889754,-0.4751990812099552,-0.4743258521037861,-0.8775909348467548,0,0,0,0,1,0,1,0,0,1,0,0,0,0,0,0,0,0,1,0,0,0,0,0,0,0,0,0,0,0,1,0,0,0,0,0,0.12842589616775513
790,1.2856624697536683,-0.4751990812099552,-0.4743258521037861,1.4738339673998513,2,0,1,0,0,0,1,1,0,0,0,1,0,0,0,0,0,0,0,0,0,0,0,0,0,0,0,0,0,0,1,0,0,0,0,0,0.5148344039916992
724,1.5938852257917302,-0.4751990812099552,-0.4743258521037861,-0.3308153928167706,0,1,0,1,0,0,1,0,0,1,0,0,0,0,0,0,0,0,1,0,0,0,0,0,0,0,0,0,0,0,1,0,0,0,0,0,0.17087119817733765
260,1.5938852257917302,-0.4751990812099552,0.7658967435440545,0.34823343675035595,0,1,0,1,0,1,0,0,0,1,0,0,0,0,0,0,0,0,1,0,0,0,0,0,0,0,0,0,0,0,0,1,0,0,0,0,0.6718512773513794
130,1.208606780744153,-0.4751990812099552,-0.4743258521037861,-0.912641979695758,0,1,0,0,1,0,1,0,0,1,0,0,0,0,0,0,0,0,1,0,0,0,0,0,0,0,0,0,0,0,1,0,0,0,0,0,-0.0032233595848083496
101,-0.10133993241760961,-0.4751990812099552,-0.4743258521037861,-0.7996694581110643,0,1,0,0,1,1,0,0,0,1,0,0,0,0,0,0,0,0,1,0,0,0,0,0,0,0,0,1,0,0,0,0,0,0,0,0,0.5946577191352844
511,-0.024284243408094167,-0.4751990812099552,-0.4743258521037861,-0.8167553416865435,0,1,0,0,1,0,1,0,1,0,0,0,0,0,0,0,0,0,1,0,0,0,0,0,0,0,0,0,0,0,1,0,0,0,0,0,0.15229108929634094
314,-0.10133993241760961,-0.4751990812099552,-0.4743258521037861,-0.7996694581110643,0,1,0,0,1,0,1,0,0,1,0,0,0,0,0,0,0,0,1,0,0,0,0,0,0,0,0,0,0,0,1,0,0,0,0,0,0.07509759068489075
249,0.5921612686680294,0.4313502389523841,0.7658967435440545,1.0563121182707624,1,1,1,0,0,0,1,0,0,1,0,0,0,1,0,0,0,0,0,0,0,0,0,0,0,0,0,0,0,0,1,0,0,0,0,0,0.3863694667816162
613,-0.10133993241760961,0.4313502389523841,-0.4743258521037861,-0.1609413506274357,0,1,0,0,1,1,0,0,1,0,0,0,0,0,0,0,0,0,1,0,0,0,0,0,0,0,0,1,0,0,0,0,0,0,0,0,0.6432715654373169
628,-0.6407297554842177,-0.4751990812099552,-0.4743258521037861,1.4577012476781015,1,1,1,0,0,1,0,0,0,1,0,0,0,1,0,0,0,0,0,0,0,0,0,0,0,0,0,1,0,0,0,0,0,0,0,0,1.0821924209594727
764,0.5151055796585139,0.4313502389523841,2.006119339191895,1.8990457475784397,2,1,1,0,0,1,0,0,0,1,0,1,0,0,0,0,0,0,0,0,0,0,0,0,0,0,0,0,0,0,0,1,0,0,0,0,0.852574348449707
594,-0.10133993241760961,-0.4751990812099552,2.006119339191895,-0.8167553416865435,0,1,0,0,1,1,0,0,1,0,0,0,0,0,0,0,0,0,1,0,0,0,0,0,0,0,0,1,0,0,0,0,0,0,0,0,0.5923289656639099
729,-0.3325069994461559,0.4313502389523841,-0.4743258521037861,0.34823343675035595,0,1,0,1,0,0,1,0,0,1,0,0,0,0,0,0,0,0,1,0,0,0,0,0,0,0,0,0,0,0,1,0,0,0,0,0,0.24890923500061035
509,-0.10133993241760961,-0.4751990812099552,-0.4743258521037861,0.20578880837329974,0,0,0,0,1,0,1,0,0,1,0,0,0,0,0,0,0,0,1,0,0,0,0,0,0,0,0,0,0,0,1,0,0,0,0,0,0.12674954533576965
253,2.5185534939059155,-0.4751990812099552,-0.4743258521037861,0.3690828596951275,1,1,1,0,0,0,1,0,0,1,0,0,1,0,0,0,0,0,0,0,0,0,0,0,0,0,0,0,0,0,1,0,0,0,0,0,0.20389142632484436
536,-1.719509401617434,-0.4751990812099552,2.006119339191895,0.3577625991477285,0,0,0,1,0,1,0,0,0,1,0,0,0,0,0,0,0,0,1,0,0,0,0,0,0,0,0,1,0,0,0,0,0,0,0,0,0.8387689590454102
219,0.20688282362045216,-0.4751990812099552,-0.4743258521037861,1.4356446150427873,1,1,1,0,0,1,0,1,0,0,0,0,0,1,0,0,0,0,0,0,0,0,0,0,0,0,0,1,0,0,0,0,0,0,0,0,1.1165436506271362
243,-0.024284243408094167,-0.4751990812099552,-0.4743258521037861,-0.5341955039054616,0,0,0,1,0,0,1,0,0,1,0,0,0,0,0,0,0,0,1,0,0,0,0,0,0,0,0,0,0,0,1,0,0,0,0,0,0.28015297651290894
194,-2.0277321576554956,0.4313502389523841,0.7658967435440545,0.34823343675035595,1,1,0,1,0,0,1,0,0,1,0,0,0,0,0,1,0,0,0,0,0,0,0,0,0,0,1,0,0,0,0,0,0,0,0,0,0.766054093837738
807,0.7462726466870603,-0.4751990812099552,-0.4743258521037861,-3.05935471468473,1,1,1,0,0,0,1,0,0,1,1,0,0,0,0,0,0,0,0,0,0,0,0,0,0,0,0,0,0,0,1,0,0,0,0,0,0.21545499563217163
828,-2.1818435356745267,-0.4751990812099552,2.006119339191895,0.7016846234326752,0,0,0,1,0,0,1,1,0,0,0,0,0,0,0,0,0,0,1,0,0,0,0,0,0,0,1,0,0,0,0,0,0,0,0,0,0.7383853197097778
515,-0.4095626884556714,-0.4751990812099552,-0.4743258521037861,-0.8472367510628959,0,1,0,0,1,0,1,0,0,1,0,0,0,0,0,0,0,0,1,0,0,0,0,0,0,0,0,0,0,0,1,0,0,0,0,0,0.09137481451034546
528,-0.10133993241760961,-0.4751990812099552,-0.4743258521037861,2.5301327411673644,1,0,1,0,0,0,1,0,0,1,0,0,1,0,0,0,0,0,0,0,0,0,0,0,0,0,0,0,0,0,1,0,0,0,0,0,0.43915611505508423
35,-0.10133993241760961,0.4313502389523841,-0.4743258521037861,1.5114400628464493,0,0,1,0,0,0,1,1,0,0,0,0,0,0,0,0,0,0,1,0,0,0,0,0,0,0,0,0,0,0,1,0,0,0,0,0,0.301037073135376
385,-0.10133993241760961,-0.4751990812099552,-0.4743258521037861,-0.7996694581110643,0,1,0,0,1,0,1,0,0,1,0,0,0,0,0,0,0,0,1,0,0,0,0,0,0,0,0,0,0,0,1,0,0,0,0,0,0.07509759068489075
458,-0.10133993241760961,0.4313502389523841,-0.4743258521037861,1.0428713067036883,1,1,1,0,0,1,0,0,0,1,0,0,0,1,0,0,0,0,0,0,0,0,0,0,0,0,0,0,0,0,0,1,0,0,0,0,0.9909244179725647
428,-0.7948411335032486,-0.4751990812099552,-0.4743258521037861,0.34823343675035595,0,1,0,1,0,1,0,0,0,1,0,0,0,0,0,0,0,0,1,0,0,0,0,0,0,0,0,1,0,0,0,0,0,0,0,0,0.8469756841659546
872,1.3627181587631838,0.4313502389523841,0.7658967435440545,1.0563121182707624,1,1,1,0,0,1,0,0,0,1,0,0,0,1,0,0,0,0,0,0,0,0,0,0,0,0,0,0,0,0,0,1,0,0,0,0,0.8654741048812866
225,0.6692169576775449,0.4313502389523841,-0.4743258521037861,1.6044536083983778,1,1,1,0,0,0,1,0,0,1,0,0,1,0,0,0,0,0,0,0,0,0,0,0,0,0,0,0,0,0,1,0,0,0,0,0,0.2936551570892334
351,-0.4866183774651868,-0.4751990812099552,-0.4743258521037861,-0.6556912707684899,0,1,0,0,1,0,1,0,0,1,0,0,0,0,0,0,0,0,1,0,0,0,0,0,0,0,0,0,0,0,1,0,0,0,0,0,0.10134625434875488
143,-0.4095626884556714,0.4313502389523841,-0.4743258521037861,-0.13923936162362693,0,0,0,0,1,1,0,0,0,1,0,0,0,0,0,0,0,0,1,0,0,0,0,0,0,0,0,0,0,0,0,1,0,0,0,0,0.6056241989135742
21,0.4380498906489985,-0.4751990812099552,-0.4743258521037861,0.34823343675035595,0,1,0,1,0,0,1,0,0,1,0,0,0,0,0,0,0,0,1,0,0,0,0,0,0,0,0,0,0,0,1,0,0,0,0,0,0.2567864954471588
239,-0.7948411335032486,-0.4751990812099552,-0.4743258521037861,-0.5341955039054616,0,1,0,1,0,0,1,0,0,1,0,0,0,0,0,0,0,0,1,0,0,0,0,0,0,0,0,0,0,0,1,0,0,0,0,0,0.3018144965171814
434,-0.9489525115222794,-0.4751990812099552,-0.4743258521037861,-0.8933760781200358,0,0,0,0,1,0,1,0,0,1,0,0,0,0,0,0,0,0,1,0,0,0,0,0,0,0,0,0,0,0,1,0,0,0,0,0,0.14341804385185242
564,-0.10133993241760961,-0.4751990812099552,-0.4743258521037861,-0.7819012502244029,0,0,0,0,1,0,1,0,0,1,0,0,0,0,0,0,0,0,1,0,0,0,0,0,0,0,0,0,0,0,1,0,0,0,0,0,0.09809467196464539
177,-0.10133993241760961,2.244448879277063,0.7658967435440545,0.32760748513073984,0,1,0,0,1,0,1,0,0,1,0,0,0,0,0,0,0,0,1,0,0,0,0,0,0,0,1,0,0,0,0,0,0,0,0,0,0.2089366912841797
259,0.4380498906489985,-0.4751990812099552,-0.4743258521037861,3.3931721841799183,0,0,1,0,0,1,0,1,0,0,0,0,0,0,0,0,0,0,1,0,0,0,0,0,0,0,0,1,0,0,0,0,0,0,0,0,0.8963102102279663
636,-0.10133993241760961,-0.4751990812099552,-0.4743258521037861,-0.3308153928167706,0,1,0,1,0,1,0,0,0,1,0,0,0,0,0,0,0,0,1,0,0,0,0,0,0,0,0,1,0,0,0,0,0,0,0,0,0.7875462770462036
377,-0.5636740664747023,-0.4751990812099552,-0.4743258521037861,-0.8775909348467548,0,0,0,0,1,1,0,0,0,1,0,0,0,0,0,0,0,0,1,0,0,0,0,0,0,0,0,1,0,0,0,0,0,0,0,0,0.641364574432373
255,0.9003840247060911,-0.4751990812099552,2.006119339191895,0.09880731315890959,0,1,0,0,1,1,0,0,0,1,0,0,0,0,0,0,0,0,1,0,0,0,0,0,0,0,0,0,0,0,0,1,0,0,0,0,0.4830893278121948
659,-0.4866183774651868,-0.4751990812099552,-0.4743258521037861,-0.3308153928167706,0,1,0,1,0,0,1,0,0,1,0,0,0,0,0,0,0,0,1,0,0,0,0,0,0,0,0,0,0,0,1,0,0,0,0,0,0.2900577187538147
395,-0.4095626884556714,-0.4751990812099552,2.006119339191895,-0.08835669011137383,1,0,0,0,1,1,0,0,0,1,0,0,0,0,0,0,1,0,0,0,0,0,0,0,0,0,0,0,0,0,0,1,0,0,0,0,0.3974331021308899
392,-0.6407297554842177,-0.4751990812099552,-0.4743258521037861,-0.8113576922153614,0,1,0,0,1,0,1,0,0,1,0,0,0,0,0,0,0,0,1,0,0,0,0,0,0,0,0,0,0,0,1,0,0,0,0,0,0.10565868020057678
694,-0.3325069994461559,-0.4751990812099552,-0.4743258521037861,-0.8807287424181867,0,1,0,0,1,0,1,1,0,0,0,0,0,0,0,0,0,0,1,0,0,0,0,0,0,0,0,0,0,0,1,0,0,0,0,0,0.1695374846458435
456,-0.024284243408094167,-0.4751990812099552,-0.4743258521037861,-0.7996694581110643,0,1,0,0,1,0,1,1,0,0,0,0,0,0,0,0,0,0,1,0,0,0,0,0,0,0,0,0,0,0,1,0,0,0,0,0,0.15423190593719482
202,-0.10133993241760961,6.77719548008876,2.006119339191895,1.3412852166389577,0,0,0,0,1,0,1,0,0,1,0,0,0,0,0,0,0,0,1,0,0,0,0,0,0,0,0,0,0,0,1,0,0,0,0,0,-0.3404073119163513
168,1.208606780744153,0.4313502389523841,4.486564530487576,0.4185439886957112,0,1,0,0,1,1,0,0,0,1,0,0,0,0,0,0,0,0,1,0,0,0,0,0,0,0,0,0,0,0,0,1,0,0,0,0,0.33875131607055664
76,-0.3325069994461559,-0.4751990812099552,-0.4743258521037861,-0.8286394587504805,2,1,0,0,1,0,1,0,0,1,0,0,0,0,0,1,0,0,0,0,0,0,0,0,0,0,0,0,0,0,1,0,0,0,0,0,0.29015761613845825
227,-0.7948411335032486,-0.4751990812099552,-0.4743258521037861,-0.5341955039054616,0,0,0,1,0,0,1,0,0,1,0,0,0,0,0,0,0,0,1,0,0,0,0,0,0,0,0,0,0,0,1,0,0,0,0,0,0.32429611682891846
19,0.12982713461093673,0.4313502389523841,-0.4743258521037861,-0.015079228381579135,0,1,0,0,1,1,0,0,0,1,0,0,0,0,0,0,0,0,1,0,0,0,0,0,0,0,0,0,0,0,0,1,0,0,0,0,0.5558445453643799
512,-0.10133993241760961,-0.4751990812099552,-0.4743258521037861,-0.7819012502244029,0,0,0,0,1,0,1,0,0,1,0,0,0,0,0,0,0,0,1,0,0,0,0,0,0,0,0,0,0,0,1,0,0,0,0,0,0.09809467196464539
386,-0.871896822512764,-0.4751990812099552,-0.4743258521037861,1.3976098196943552,0,0,0,1,0,0,1,0,0,1,0,0,0,0,0,0,0,0,1,0,0,0,0,0,0,0,0,0,0,0,1,0,0,0,0,0,0.384755939245224
404,-0.10133993241760961,0.4313502389523841,-0.4743258521037861,-0.13923936162362693,0,0,0,0,1,0,1,0,0,1,0,0,0,0,0,0,0,0,1,0,0,0,0,0,0,0,0,0,0,0,1,0,0,0,0,0,0.06471917033195496
94,-0.2554513104366405,0.4313502389523841,2.006119339191895,0.11632645696912522,0,0,0,0,1,0,1,0,0,1,0,0,0,0,0,0,0,0,1,0,0,0,0,0,0,0,0,0,0,0,1,0,0,0,0,0,-0.0029743313789367676
590,-0.10133993241760961,-0.4751990812099552,-0.4743258521037861,-0.7819012502244029,0,0,0,0,1,0,1,0,0,1,0,0,0,0,0,0,0,0,1,0,0,0,0,0,0,0,0,0,0,0,1,0,0,0,0,0,0.09809467196464539
494,3.2120546949915547,-0.4751990812099552,-0.4743258521037861,0.995686176567185,0,0,1,0,0,0,1,1,0,0,0,0,0,0,0,0,0,0,1,0,0,0,0,0,0,0,0,0,0,0,1,0,0,0,0,0,0.14827889204025269
767,-0.10133993241760961,-0.4751990812099552,-0.4743258521037861,0.7699962794792551,0,1,1,0,0,0,1,1,0,0,0,0,0,0,0,0,0,0,1,0,0,0,1,0,0,0,0,0,0,0,0,0,0,0,0,0,0.5364969968795776
340,1.208606780744153,-0.4751990812099552,-0.4743258521037861,0.6599308976078451,1,1,1,0,0,0,1,0,0,1,0,0,0,0,0,0,0,1,0,0,0,0,0,0,0,0,0,0,0,0,1,0,0,0,0,0,0.26965492963790894
68,-0.7948411335032486,-0.4751990812099552,-0.4743258521037861,-0.7696020869853838,0,0,0,0,1,0,1,0,0,1,0,0,0,0,0,0,0,0,1,0,0,0,0,0,0,0,0,0,0,0,1,0,0,0,0,0,0.13818034529685974
423,-0.024284243408094167,-0.4751990812099552,-0.4743258521037861,-0.8020897510957018,0,1,0,0,1,0,1,0,0,1,0,0,0,0,0,0,0,0,1,0,0,0,0,0,0,0,0,0,0,0,1,0,0,0,0,0,0.07061305642127991
34,2.8267762499439777,-0.4751990812099552,-0.4743258521037861,-0.5341955039054616,0,0,0,1,0,0,1,0,0,1,0,0,0,0,0,0,0,0,1,0,0,0,0,0,0,0,0,0,0,0,1,0,0,0,0,0,0.11682331562042236
469,-0.10133993241760961,-0.4751990812099552,-0.4743258521037861,-0.8197135892017399,0,1,0,0,1,0,1,0,1,0,0,0,0,0,0,0,0,0,1,0,0,0,0,0,0,0,0,0,0,0,1,0,0,0,0,0,0.1566195785999298
312,-0.871896822512764,1.3378995591147234,2.006119339191895,2.703206388275798,4,0,1,0,0,1,0,1,0,0,0,1,0,0,0,0,0,0,0,0,0,0,0,0,0,0,0,1,0,0,0,0,0,0,0,0,1.0853314399719238
741,-0.10133993241760961,-0.4751990812099552,-0.4743258521037861,0.4910680112949083,1,1,1,0,0,0,1,0,0,1,0,0,0,1,0,0,0,0,0,0,0,0,0,0,0,0,0,0,0,0,1,0,0,0,0,0,0.5036880970001221
107,-0.6407297554842177,-0.4751990812099552,-0.4743258521037861,-0.8286394587504805,0,1,0,0,1,1,0,0,0,1,0,0,0,0,0,0,0,0,1,0,0,0,0,0,0,0,0,1,0,0,0,0,0,0,0,0,0.6247174739837646
833,-0.10133993241760961,-0.4751990812099552,-0.4743258521037861,-0.8802009247595483,0,1,0,0,1,0,1,1,0,0,0,0,0,0,0,0,0,0,1,0,0,0,0,0,0,0,0,0,0,0,1,0,0,0,0,0,0.1563098430633545
815,0.091299290106179,-0.4751990812099552,-0.4743258521037861,-0.7819012502244029,0,1,0,0,1,0,1,0,0,1,0,0,0,0,0,0,0,0,1,0,0,0,0,0,0,0,0,0,0,0,1,0,0,0,0,0,0.06457728147506714
304,-0.10133993241760961,-0.4751990812099552,-0.4743258521037861,-0.3799682989493102,1,1,0,1,0,1,0,0,1,0,0,0,0,0,1,0,0,0,0,0,0,0,0,0,0,0,0,1,0,0,0,0,0,0,0,0,1.182490348815918
620,-0.2554513104366405,-0.4751990812099552,-0.4743258521037861,-0.5341955039054616,0,1,0,1,0,0,1,0,0,1,0,0,0,0,0,0,0,0,1,0,0,0,0,0,0,0,0,0,0,0,1,0,0,0,0,0,0.27091431617736816
185,-1.9506764686459803,-0.4751990812099552,2.006119339191895,0.18357728172927568,0,1,0,0,1,1,0,0,0,1,0,0,0,0,0,0,0,0,1,0,0,0,0,0,0,0,0,1,0,0,0,0,0,0,0,0,0.6451905965805054
48,-0.10133993241760961,-0.4751990812099552,-0.4743258521037861,-0.8167553416865435,0,1,0,0,1,1,0,0,1,0,0,0,0,0,0,0,0,0,1,0,0,0,0,0,0,0,0,1,0,0,0,0,0,0,0,0,0.6762655377388
571,2.5185534939059155,-0.4751990812099552,-0.4743258521037861,-0.5341955039054616,0,0,0,1,0,0,1,0,0,1,0,0,0,0,0,0,0,0,1,0,0,0,0,0,0,0,0,0,0,0,1,0,0,0,0,0,0.1344805657863617
108,-0.10133993241760961,-0.4751990812099552,-0.4743258521037861,-0.813805534261317,0,1,0,0,1,0,1,0,0,1,0,0,0,0,0,0,0,0,1,0,0,0,0,0,0,0,0,0,0,0,1,0,0,0,0,0,0.07468745112419128
664,0.5151055796585139,-0.4751990812099552,-0.4743258521037861,-0.8472367510628959,0,1,0,0,1,0,1,0,0,1,0,0,0,0,0,0,0,0,1,0,0,0,0,0,0,0,0,0,0,0,1,0,0,0,0,0,0.03840303421020508
215,-0.10133993241760961,0.4313502389523841,-0.4743258521037861,-0.8167553416865435,0,1,0,0,1,0,1,0,1,0,0,0,0,0,0,0,0,0,1,0,0,0,0,0,0,0,0,0,0,0,1,0,0,0,0,0,0.10468500852584839
750,0.12982713461093673,-0.4751990812099552,-0.4743258521037861,-0.8167553416865435,0,1,0,0,1,0,1,0,1,0,0,0,0,0,0,0,0,0,1,0,0,0,0,0,0,0,0,0,0,0,1,0,0,0,0,0,0.14346247911453247
197,-0.10133993241760961,-0.4751990812099552,-0.4743258521037861,-0.8167553416865435,0,1,0,0,1,0,1,0,1,0,0,0,0,0,0,0,0,0,1,0,0,0,0,0,0,0,0,0,0,0,1,0,0,0,0,0,0.15670540928840637
330,-1.026008200531795,-0.4751990812099552,0.7658967435440545,1.1560744205288247,1,1,1,0,0,1,0,1,0,0,0,1,0,0,0,0,0,0,0,0,0,0,0,0,0,0,0,1,0,0,0,0,0,0,0,0,1.0533318519592285
533,-0.9489525115222794,0.4313502389523841,0.7658967435440545,-0.8802009247595483,0,1,0,0,1,0,1,1,0,0,0,0,0,0,0,0,0,0,1,0,0,0,0,0,0,0,0,0,0,0,1,0,0,0,0,0,0.11087861657142639
246,1.1315510917346374,1.3378995591147234,-0.4743258521037861,1.6044536083983778,1,1,1,0,0,0,1,0,1,0,0,0,1,0,0,0,0,0,0,0,0,0,1,0,0,0,0,0,0,0,0,0,0,0,0,0,0.5246842503547668
552,-0.17839562142712506,-0.4751990812099552,-0.4743258521037861,0.34823343675035595,0,1,0,1,0,0,1,0,0,1,0,0,0,0,0,0,0,0,1,0,0,0,0,0,0,0,0,0,0,0,1,0,0,0,0,0,0.29210102558135986
64,-1.9506764686459803,2.244448879277063,2.006119339191895,0.4185439886957112,0,1,0,0,1,0,1,0,0,1,0,0,0,0,0,0,0,0,1,0,0,0,0,0,0,0,1,0,0,0,0,0,0,0,0,0,0.2755502164363861
342,-0.4095626884556714,2.244448879277063,2.006119339191895,2.70565698624984,3,1,1,0,0,1,0,0,0,1,0,0,1,0,0,0,0,0,0,0,0,0,0,0,0,0,0,1,0,0,0,0,0,0,0,0,0.798633337020874
812,0.7462726466870603,-0.4751990812099552,-0.4743258521037861,0.27484779748436916,0,0,0,0,1,0,1,0,0,1,0,0,0,0,0,0,0,0,1,0,0,0,0,0,0,0,0,0,0,0,1,0,0,0,0,0,0.0801956057548523
615,0.4380498906489985,-0.4751990812099552,-0.4743258521037861,-0.7819012502244029,0,1,0,0,1,0,1,0,0,1,0,0,0,0,0,0,0,0,1,0,0,0,0,0,0,0,0,0,0,0,1,0,0,0,0,0,0.04471287131309509
421,-0.10133993241760961,-0.4751990812099552,-0.4743258521037861,-0.7996694581110643,0,1,0,0,1,0,1,1,0,0,0,0,0,0,0,0,0,0,1,0,0,0,0,0,0,0,0,0,0,0,1,0,0,0,0,0,0.15864622592926025
647,-0.7948411335032486,-0.4751990812099552,-0.4743258521037861,-0.7996694581110643,0,1,0,0,1,0,1,0,0,1,0,0,0,0,0,0,0,0,1,0,0,0,0,0,0,0,0,0,0,0,1,0,0,0,0,0,0.11482641100883484
418,-0.871896822512764,-0.4751990812099552,2.006119339191895,-0.3308153928167706,0,1,0,1,0,1,0,0,0,1,0,0,0,0,0,0,0,0,1,0,0,0,0,0,0,0,0,1,0,0,0,0,0,0,0,0,0.7477529048919678
626,2.4414978048964002,-0.4751990812099552,-0.4743258521037861,0.5657105221248634,1,1,1,0,0,0,1,0,0,1,0,0,0,1,0,0,0,0,0,0,0,0,0,0,0,0,0,0,0,0,1,0,0,0,0,0,0.3601812422275543
408,-2.0277321576554956,0.4313502389523841,0.7658967435440545,0.024947969067500183,0,1,0,1,0,0,1,0,0,1,0,0,0,0,0,0,0,0,1,0,0,0,0,0,0,0,1,0,0,0,0,0,0,0,0,0,0.5938407778739929
360,-0.10133993241760961,-0.4751990812099552,-0.4743258521037861,-0.8016005813616583,0,1,0,0,1,1,0,0,1,0,0,0,0,0,0,0,0,0,1,0,0,0,0,0,0,0,0,1,0,0,0,0,0,0,0,0,0.6767051815986633
794,-0.10133993241760961,-0.4751990812099552,-0.4743258521037861,0.5140176152375079,0,0,1,0,0,0,1,1,0,0,0,0,0,0,0,0,0,0,1,0,0,0,0,0,0,0,0,0,0,0,1,0,0,0,0,0,0.32412028312683105
90,-0.4095626884556714,-0.4751990812099552,-0.4743258521037861,-0.7819012502244029,0,1,0,0,1,0,1,0,0,1,0,0,0,0,0,0,0,0,1,0,0,0,0,0,0,0,0,0,0,0,1,0,0,0,0,0,0.09327033162117004
465,-0.10133993241760961,-0.4751990812099552,-0.4743258521037861,-0.7819012502244029,0,0,0,0,1,0,1,0,0,1,0,0,0,0,0,0,0,0,1,0,0,0,0,0,0,0,0,0,0,0,1,0,0,0,0,0,0.09809467196464539
368,-0.10133993241760961,-0.4751990812099552,-0.4743258521037861,-0.8802009247595483,0,1,0,0,1,1,0,1,0,0,0,0,0,0,0,0,0,0,1,0,0,0,0,0,0,0,0,0,0,0,0,1,0,0,0,0,0.6795576810836792
526,0.8618561802013335,-0.4751990812099552,-0.4743258521037861,-0.8167553416865435,0,1,0,0,1,0,1,0,1,0,0,0,0,0,0,0,0,0,1,0,0,0,0,0,0,0,0,0,0,0,1,0,0,0,0,0,0.10152646899223328
87,-1.026008200531795,0.4313502389523841,3.2463419348397355,0.6275624759912304,0,0,0,0,1,0,1,0,0,1,0,0,0,0,0,0,0,0,1,0,0,0,0,0,0,0,0,0,0,0,1,0,0,0,0,0,0.014032542705535889
889,-0.10133993241760961,0.4313502389523841,2.006119339191895,0.24566300650398212,0,0,0,0,1,1,0,0,0,1,0,0,0,0,0,0,0,0,1,0,0,0,0,0,0,0,0,1,0,0,0,0,0,0,0,0,0.5115095376968384
320,0.8233283356965757,0.4313502389523841,0.7658967435440545,2.0160644511807706,1,1,1,0,0,1,0,1,0,0,0,0,0,0,1,0,0,0,0,0,0,0,0,0,0,0,0,0,0,0,0,1,0,0,0,0,1.0357699394226074
32,-0.10133993241760961,0.4313502389523841,-0.4743258521037861,2.103943988423724,1,0,1,0,0,1,0,1,0,0,0,1,0,0,0,0,0,0,0,0,0,0,0,0,0,0,0,0,0,0,0,1,0,0,0,0,1.0439767837524414
488,2.210330737867854,-0.4751990812099552,-0.4743258521037861,0.48101373302288486,1,1,1,0,0,0,1,1,0,0,0,1,0,0,0,0,0,0,0,0,0,0,0,0,0,0,0,0,0,0,1,0,0,0,0,0,0.3707538843154907
880,2.0562193598488228,-0.4751990812099552,0.7658967435440545,1.5236434969107797,1,1,1,0,0,1,0,1,0,0,0,0,1,0,0,0,0,0,0,0,0,0,0,0,0,0,0,0,0,0,0,1,0,0,0,0,0.8287016153335571
176,-0.871896822512764,0.4313502389523841,0.7658967435440545,-0.8045157230890057,0,1,0,0,1,0,1,0,0,1,0,0,0,0,0,0,0,0,1,0,0,0,0,0,0,0,0,0,0,0,1,0,0,0,0,0,0.02511143684387207
278,-0.10133993241760961,-0.4751990812099552,-0.4743258521037861,-3.05935471468473,0,1,0,1,0,0,1,0,0,1,0,0,0,0,0,0,0,0,1,0,0,0,0,0,0,0,0,0,0,0,1,0,0,0,0,0,0.188825786113739
514,1.902107981829792,0.4313502389523841,-0.4743258521037861,1.180685812594871,0,0,1,0,0,1,0,1,0,0,0,0,0,0,0,0,0,0,1,0,0,0,0,0,0,0,0,0,0,0,0,1,0,0,0,0,0.6999168395996094
268,-0.3325069994461559,0.4313502389523841,-0.4743258521037861,-0.813805534261317,0,1,0,0,1,0,1,0,0,1,0,0,0,0,0,0,0,0,1,0,0,0,0,0,0,0,0,0,0,0,1,0,0,0,0,0,0.0359099805355072
262,-2.0277321576554956,3.1509981994394023,2.006119339191895,0.5363379735647843,0,1,0,0,1,0,1,0,0,1,0,0,0,0,0,0,0,0,1,0,0,0,0,0,0,0,1,0,0,0,0,0,0,0,0,0,0.23136156797409058
725,-0.17839562142712506,0.4313502389523841,-0.4743258521037861,1.0667958925628875,1,1,1,0,0,0,1,0,0,1,0,0,0,0,1,0,0,0,0,0,0,0,0,0,0,0,0,0,0,0,1,0,0,0,0,0,0.5007877349853516
503,-0.10133993241760961,-0.4751990812099552,-0.4743258521037861,-0.8311286100830012,0,1,0,0,1,1,0,0,1,0,0,0,0,0,0,0,0,0,1,0,0,0,0,0,0,0,0,1,0,0,0,0,0,0,0,0,0.6758485436439514
744,-0.4095626884556714,0.4313502389523841,-0.4743258521037861,-0.12401218209902407,0,1,0,0,1,0,1,0,0,1,0,0,0,0,0,0,0,0,1,0,0,0,0,0,0,0,0,0,0,0,1,0,0,0,0,0,0.06033658981323242
667,-0.3325069994461559,-0.4751990812099552,-0.4743258521037861,-0.3308153928167706,0,1,0,1,0,0,1,0,0,1,0,0,0,0,0,0,0,0,1,0,0,0,0,0,0,0,0,0,0,0,1,0,0,0,0,0,0.28122907876968384
283,-1.026008200531795,-0.4751990812099552,-0.4743258521037861,-0.6282518441103798,0,1,0,0,1,0,1,0,0,1,0,0,0,0,0,0,0,0,1,0,0,0,0,0,0,0,0,0,0,0,1,0,0,0,0,0,0.13304254412651062
390,-0.9489525115222794,-0.4751990812099552,-0.4743258521037861,-0.4074361292502624,0,0,0,1,0,1,0,1,0,0,0,0,0,0,0,0,0,0,1,0,0,0,0,0,0,0,0,1,0,0,0,0,0,0,0,0,0.9399110674858093
186,-0.10133993241760961,-0.4751990812099552,-0.4743258521037861,1.0057865481542705,1,1,1,0,0,0,1,0,0,1,1,0,0,0,0,0,0,0,0,0,0,0,0,0,0,0,0,0,0,0,1,0,0,0,0,0,0.381950318813324
298,-2.104787846665011,0.4313502389523841,2.006119339191895,2.1386038822397246,2,1,1,0,0,1,0,0,0,1,0,0,1,0,0,0,0,0,0,0,0,0,0,0,0,0,0,1,0,0,0,0,0,0,0,0,0.9435142874717712
742,0.5151055796585139,0.4313502389523841,-0.4743258521037861,1.4693120310391974,1,1,1,0,0,0,1,0,0,1,0,0,1,0,0,0,0,0,0,0,0,0,0,0,0,0,0,0,0,0,1,0,0,0,0,0,0.29856306314468384
589,-0.5636740664747023,-0.4751990812099552,-0.4743258521037861,-0.7819012502244029,0,1,0,0,1,0,1,0,0,1,0,0,0,0,0,0,0,0,1,0,0,0,0,0,0,0,0,0,0,0,1,0,0,0,0,0,0.1020989716053009
193,-0.7948411335032486,0.4313502389523841,-0.4743258521037861,-0.8045157230890057,0,1,0,0,1,1,0,0,0,1,0,0,0,0,0,0,0,0,1,0,0,0,0,0,0,0,0,1,0,0,0,0,0,0,0,0,0.5822255611419678
311,-0.4095626884556714,-0.4751990812099552,-0.4743258521037861,1.5236434969107797,1,1,1,0,0,1,0,1,0,0,0,0,1,0,0,0,0,0,0,0,0,0,0,0,0,0,0,1,0,0,0,0,0,0,0,0,1.0082402229309082
46,-0.10133993241760961,-0.4751990812099552,-0.4743258521037861,-0.7819012502244029,0,0,0,0,1,0,1,0,0,1,0,0,0,0,0,0,0,0,1,0,0,0,0,0,0,0,0,0,0,0,1,0,0,0,0,0,0.09809467196464539
504,0.5921612686680294,-0.4751990812099552,-0.4743258521037861,-0.6196716554383795,0,1,0,0,1,1,0,0,0,1,0,0,0,0,0,0,0,0,1,0,0,0,0,0,0,0,0,1,0,0,0,0,0,0,0,0,0.5601509809494019
406,0.36099420163948304,0.4313502389523841,-0.4743258521037861,0.13649510066617393,0,1,0,1,0,0,1,0,0,1,0,0,0,0,0,0,0,0,1,0,0,0,0,0,0,0,0,0,0,0,1,0,0,0,0,0,0.20303744077682495
40,-1.1801195785508258,0.4313502389523841,-0.4743258521037861,-0.4695751698620864,0,1,0,0,1,1,0,1,0,0,0,0,0,0,0,0,0,0,1,0,0,0,0,0,0,0,0,1,0,0,0,0,0,0,0,0,0.6975630521774292
534,-0.10133993241760961,-0.4751990812099552,2.006119339191895,0.19843638266558425,0,1,0,0,1,1,0,1,0,0,0,0,0,0,0,0,0,0,1,0,0,0,0,0,0,0,0,0,0,0,0,1,0,0,0,0,0.6269145011901855
632,1.6709409148012455,-0.4751990812099552,-0.4743258521037861,-0.9024248653007578,0,1,0,0,1,0,1,0,0,1,0,0,0,0,0,0,0,0,1,0,0,0,0,0,0,0,0,0,0,0,1,0,0,0,0,0,-0.029412806034088135
573,0.5151055796585139,-0.4751990812099552,-0.4743258521037861,0.3629664421230299,1,0,1,0,0,0,1,0,0,1,0,0,0,0,1,0,0,0,0,0,0,0,0,0,0,0,0,0,0,0,1,0,0,0,0,0,0.5151414275169373
279,-1.719509401617434,3.1509981994394023,0.7658967435440545,0.46146538543999793,0,1,0,0,1,0,1,0,1,0,0,0,0,0,0,0,0,0,1,0,0,0,0,0,0,0,1,0,0,0,0,0,0,0,0,0,0.3356039226055145
712,-0.10133993241760961,-0.4751990812099552,-0.4743258521037861,0.3690828596951275,1,1,1,0,0,0,1,0,0,1,0,0,1,0,0,0,0,0,0,0,0,0,0,0,0,0,0,0,0,0,1,0,0,0,0,0,0.35397815704345703
809,0.7462726466870603,-0.4751990812099552,-0.4743258521037861,-0.3308153928167706,0,1,0,1,0,0,1,0,0,1,0,0,0,0,0,0,0,0,1,0,0,0,0,0,0,0,0,0,0,0,1,0,0,0,0,0,0.21942868828773499
236,-0.10133993241760961,-0.4751990812099552,-0.4743258521037861,-0.8406617663183431,0,0,0,0,1,1,0,0,0,1,0,0,0,0,0,0,0,0,1,0,0,0,0,0,0,0,0,1,0,0,0,0,0,0,0,0,0.6159500479698181
811,-0.2554513104366405,-0.4751990812099552,-0.4743258521037861,-0.8006345688692642,0,1,0,0,1,0,1,0,0,1,0,0,0,0,0,0,0,0,1,0,0,0,0,0,0,0,0,0,0,0,1,0,0,0,0,0,0.08389821648597717
576,-0.7948411335032486,-0.4751990812099552,-0.4743258521037861,-0.22558157292441078,0,1,0,0,1,0,1,0,0,1,0,0,0,0,0,0,0,0,1,0,0,0,0,0,0,0,0,0,0,0,1,0,0,0,0,0,0.1314818561077118
189,0.8233283356965757,0.4313502389523841,0.7658967435440545,-0.1609413506274357,0,1,0,0,1,0,1,0,1,0,0,0,0,0,0,0,0,0,1,0,0,0,0,0,0,0,0,0,0,0,1,0,0,0,0,0,0.028771430253982544
572,1.8250522928202764,1.3378995591147234,-0.4743258521037861,1.0353472544838884,1,1,1,0,0,1,0,0,0,1,0,0,1,0,0,0,0,0,0,0,0,0,0,0,0,0,0,0,0,0,0,1,0,0,0,0,0.6821569204330444
466,0.6692169576775449,-0.4751990812099552,-0.4743258521037861,-0.9029641542643231,0,0,0,0,1,0,1,0,0,1,0,0,0,0,0,0,0,0,1,0,0,0,0,0,0,0,0,0,0,0,1,0,0,0,0,0,0.050439268350601196
638,0.12982713461093673,0.4313502389523841,0.7658967435440545,0.3577625991477285,0,0,0,1,0,0,1,0,0,1,0,0,0,0,0,0,0,0,1,0,0,0,0,0,0,0,0,0,0,0,1,0,0,0,0,0,0.20321312546730042
81,-0.5636740664747023,-0.4751990812099552,-0.4743258521037861,-0.6786963266772271,0,1,0,0,1,0,1,0,0,1,0,0,0,0,0,0,0,0,1,0,0,0,0,0,0,0,0,0,0,0,1,0,0,0,0,0,0.10509315133094788
782,-0.9489525115222794,0.4313502389523841,-0.4743258521037861,1.1387649298381166,1,1,1,0,0,1,0,0,0,1,0,1,0,0,0,0,0,0,0,0,0,0,0,0,0,0,0,0,0,0,0,1,0,0,0,0,0.9585022330284119
7,1.902107981829792,-0.4751990812099552,-0.4743258521037861,1.0428713067036883,1,1,1,0,0,0,1,0,0,1,0,0,0,0,1,0,0,0,0,0,0,0,0,0,0,0,0,0,0,0,1,0,0,0,0,0,0.43292751908302307
106,-0.10133993241760961,-0.4751990812099552,-0.4743258521037861,-0.7996694581110643,0,1,0,0,1,0,1,0,0,1,0,0,0,0,0,0,0,0,1,0,0,0,0,0,0,0,0,0,0,0,1,0,0,0,0,0,0.07509756088256836
